{"/Users/andela/Desktop/crud-app/todo-app-backend/src/index.js": {"path":"/Users/andela/Desktop/crud-app/todo-app-backend/src/index.js","statementMap":{"0":{"start":{"line":6,"column":12},"end":{"line":6,"column":21}},"1":{"start":{"line":8,"column":0},"end":{"line":8,"column":27}},"2":{"start":{"line":9,"column":0},"end":{"line":9,"column":52}},"3":{"start":{"line":11,"column":0},"end":{"line":11,"column":16}},"4":{"start":{"line":13,"column":0},"end":{"line":13,"column":16}},"5":{"start":{"line":15,"column":0},"end":{"line":17,"column":3}},"6":{"start":{"line":16,"column":2},"end":{"line":16,"column":62}}},"fnMap":{"0":{"name":"(anonymous_0)","decl":{"start":{"line":15,"column":13},"end":{"line":15,"column":14}},"loc":{"start":{"line":15,"column":27},"end":{"line":17,"column":1}},"line":15}},"branchMap":{},"s":{"0":2,"1":2,"2":2,"3":2,"4":2,"5":2,"6":1},"f":{"0":1},"b":{},"_coverageSchema":"1a1c01bbd47fc00a2c39e90264f33305004495a9","hash":"348702e13540fc9b1b7b594fd2e7e994fb9fd0a9"}
,"/Users/andela/Desktop/crud-app/todo-app-backend/src/controllers/auth.controller.js": {"path":"/Users/andela/Desktop/crud-app/todo-app-backend/src/controllers/auth.controller.js","statementMap":{"0":{"start":{"line":6,"column":4},"end":{"line":25,"column":5}},"1":{"start":{"line":7,"column":40},"end":{"line":7,"column":48}},"2":{"start":{"line":8,"column":29},"end":{"line":8,"column":51}},"3":{"start":{"line":10,"column":19},"end":{"line":10,"column":59}},"4":{"start":{"line":11,"column":6},"end":{"line":15,"column":7}},"5":{"start":{"line":12,"column":8},"end":{"line":14,"column":11}},"6":{"start":{"line":16,"column":22},"end":{"line":20,"column":8}},"7":{"start":{"line":21,"column":6},"end":{"line":21,"column":85}},"8":{"start":{"line":24,"column":6},"end":{"line":24,"column":63}},"9":{"start":{"line":29,"column":4},"end":{"line":42,"column":5}},"10":{"start":{"line":30,"column":34},"end":{"line":30,"column":42}},"11":{"start":{"line":32,"column":19},"end":{"line":32,"column":59}},"12":{"start":{"line":34,"column":6},"end":{"line":37,"column":7}},"13":{"start":{"line":35,"column":22},"end":{"line":35,"column":48}},"14":{"start":{"line":36,"column":8},"end":{"line":36,"column":87}},"15":{"start":{"line":38,"column":6},"end":{"line":38,"column":68}},"16":{"start":{"line":41,"column":6},"end":{"line":41,"column":63}}},"fnMap":{"0":{"name":"(anonymous_0)","decl":{"start":{"line":5,"column":2},"end":{"line":5,"column":3}},"loc":{"start":{"line":5,"column":32},"end":{"line":26,"column":3}},"line":5},"1":{"name":"(anonymous_1)","decl":{"start":{"line":28,"column":2},"end":{"line":28,"column":3}},"loc":{"start":{"line":28,"column":31},"end":{"line":43,"column":3}},"line":28}},"branchMap":{"0":{"loc":{"start":{"line":11,"column":6},"end":{"line":15,"column":7}},"type":"if","locations":[{"start":{"line":11,"column":6},"end":{"line":15,"column":7}},{"start":{"line":11,"column":6},"end":{"line":15,"column":7}}],"line":11},"1":{"loc":{"start":{"line":34,"column":6},"end":{"line":37,"column":7}},"type":"if","locations":[{"start":{"line":34,"column":6},"end":{"line":37,"column":7}},{"start":{"line":34,"column":6},"end":{"line":37,"column":7}}],"line":34},"2":{"loc":{"start":{"line":34,"column":10},"end":{"line":34,"column":58}},"type":"binary-expr","locations":[{"start":{"line":34,"column":10},"end":{"line":34,"column":14}},{"start":{"line":34,"column":18},"end":{"line":34,"column":58}}],"line":34}},"s":{"0":4,"1":4,"2":4,"3":4,"4":4,"5":1,"6":3,"7":3,"8":0,"9":4,"10":4,"11":4,"12":4,"13":3,"14":3,"15":1,"16":0},"f":{"0":4,"1":4},"b":{"0":[1,3],"1":[3,1],"2":[4,3]},"_coverageSchema":"1a1c01bbd47fc00a2c39e90264f33305004495a9","hash":"d24ebc99b8b6f68a02f3d0abe1b3f7fe1dd39892"}
,"/Users/andela/Desktop/crud-app/todo-app-backend/src/controllers/todos.controller.js": {"path":"/Users/andela/Desktop/crud-app/todo-app-backend/src/controllers/todos.controller.js","statementMap":{"0":{"start":{"line":5,"column":4},"end":{"line":15,"column":5}},"1":{"start":{"line":6,"column":19},"end":{"line":6,"column":27}},"2":{"start":{"line":7,"column":20},"end":{"line":7,"column":62}},"3":{"start":{"line":8,"column":6},"end":{"line":10,"column":7}},"4":{"start":{"line":9,"column":8},"end":{"line":9,"column":68}},"5":{"start":{"line":11,"column":6},"end":{"line":11,"column":45}},"6":{"start":{"line":14,"column":6},"end":{"line":14,"column":63}},"7":{"start":{"line":19,"column":4},"end":{"line":30,"column":5}},"8":{"start":{"line":20,"column":25},"end":{"line":20,"column":35}},"9":{"start":{"line":21,"column":19},"end":{"line":21,"column":27}},"10":{"start":{"line":23,"column":19},"end":{"line":23,"column":75}},"11":{"start":{"line":24,"column":6},"end":{"line":26,"column":7}},"12":{"start":{"line":25,"column":8},"end":{"line":25,"column":45}},"13":{"start":{"line":27,"column":6},"end":{"line":27,"column":80}},"14":{"start":{"line":29,"column":6},"end":{"line":29,"column":61}},"15":{"start":{"line":34,"column":4},"end":{"line":55,"column":5}},"16":{"start":{"line":35,"column":23},"end":{"line":35,"column":31}},"17":{"start":{"line":36,"column":21},"end":{"line":36,"column":29}},"18":{"start":{"line":38,"column":22},"end":{"line":48,"column":8}},"19":{"start":{"line":50,"column":6},"end":{"line":52,"column":7}},"20":{"start":{"line":51,"column":8},"end":{"line":51,"column":87}},"21":{"start":{"line":54,"column":6},"end":{"line":54,"column":60}},"22":{"start":{"line":59,"column":4},"end":{"line":81,"column":5}},"23":{"start":{"line":60,"column":25},"end":{"line":60,"column":35}},"24":{"start":{"line":61,"column":21},"end":{"line":61,"column":29}},"25":{"start":{"line":62,"column":35},"end":{"line":62,"column":43}},"26":{"start":{"line":63,"column":6},"end":{"line":78,"column":10}},"27":{"start":{"line":65,"column":10},"end":{"line":67,"column":11}},"28":{"start":{"line":66,"column":12},"end":{"line":66,"column":73}},"29":{"start":{"line":68,"column":10},"end":{"line":77,"column":12}},"30":{"start":{"line":73,"column":12},"end":{"line":73,"column":81}},"31":{"start":{"line":76,"column":12},"end":{"line":76,"column":67}},"32":{"start":{"line":80,"column":7},"end":{"line":80,"column":61}},"33":{"start":{"line":85,"column":4},"end":{"line":102,"column":5}},"34":{"start":{"line":86,"column":25},"end":{"line":86,"column":35}},"35":{"start":{"line":87,"column":21},"end":{"line":87,"column":29}},"36":{"start":{"line":89,"column":6},"end":{"line":98,"column":10}},"37":{"start":{"line":91,"column":10},"end":{"line":93,"column":11}},"38":{"start":{"line":92,"column":12},"end":{"line":92,"column":84}},"39":{"start":{"line":94,"column":10},"end":{"line":94,"column":71}},"40":{"start":{"line":97,"column":10},"end":{"line":97,"column":72}},"41":{"start":{"line":101,"column":6},"end":{"line":101,"column":60}}},"fnMap":{"0":{"name":"(anonymous_0)","decl":{"start":{"line":4,"column":2},"end":{"line":4,"column":3}},"loc":{"start":{"line":4,"column":34},"end":{"line":16,"column":3}},"line":4},"1":{"name":"(anonymous_1)","decl":{"start":{"line":18,"column":2},"end":{"line":18,"column":3}},"loc":{"start":{"line":18,"column":35},"end":{"line":31,"column":3}},"line":18},"2":{"name":"(anonymous_2)","decl":{"start":{"line":33,"column":2},"end":{"line":33,"column":3}},"loc":{"start":{"line":33,"column":35},"end":{"line":56,"column":3}},"line":33},"3":{"name":"(anonymous_3)","decl":{"start":{"line":58,"column":2},"end":{"line":58,"column":3}},"loc":{"start":{"line":58,"column":35},"end":{"line":82,"column":3}},"line":58},"4":{"name":"(anonymous_4)","decl":{"start":{"line":64,"column":14},"end":{"line":64,"column":15}},"loc":{"start":{"line":64,"column":24},"end":{"line":78,"column":9}},"line":64},"5":{"name":"(anonymous_5)","decl":{"start":{"line":72,"column":16},"end":{"line":72,"column":17}},"loc":{"start":{"line":72,"column":22},"end":{"line":74,"column":11}},"line":72},"6":{"name":"(anonymous_6)","decl":{"start":{"line":75,"column":17},"end":{"line":75,"column":18}},"loc":{"start":{"line":75,"column":23},"end":{"line":77,"column":11}},"line":75},"7":{"name":"(anonymous_7)","decl":{"start":{"line":84,"column":2},"end":{"line":84,"column":3}},"loc":{"start":{"line":84,"column":35},"end":{"line":103,"column":3}},"line":84},"8":{"name":"(anonymous_8)","decl":{"start":{"line":90,"column":14},"end":{"line":90,"column":15}},"loc":{"start":{"line":90,"column":24},"end":{"line":95,"column":9}},"line":90},"9":{"name":"(anonymous_9)","decl":{"start":{"line":96,"column":15},"end":{"line":96,"column":16}},"loc":{"start":{"line":96,"column":21},"end":{"line":98,"column":9}},"line":96}},"branchMap":{"0":{"loc":{"start":{"line":8,"column":6},"end":{"line":10,"column":7}},"type":"if","locations":[{"start":{"line":8,"column":6},"end":{"line":10,"column":7}},{"start":{"line":8,"column":6},"end":{"line":10,"column":7}}],"line":8},"1":{"loc":{"start":{"line":24,"column":6},"end":{"line":26,"column":7}},"type":"if","locations":[{"start":{"line":24,"column":6},"end":{"line":26,"column":7}},{"start":{"line":24,"column":6},"end":{"line":26,"column":7}}],"line":24},"2":{"loc":{"start":{"line":50,"column":6},"end":{"line":52,"column":7}},"type":"if","locations":[{"start":{"line":50,"column":6},"end":{"line":52,"column":7}},{"start":{"line":50,"column":6},"end":{"line":52,"column":7}}],"line":50},"3":{"loc":{"start":{"line":65,"column":10},"end":{"line":67,"column":11}},"type":"if","locations":[{"start":{"line":65,"column":10},"end":{"line":67,"column":11}},{"start":{"line":65,"column":10},"end":{"line":67,"column":11}}],"line":65},"4":{"loc":{"start":{"line":91,"column":10},"end":{"line":93,"column":11}},"type":"if","locations":[{"start":{"line":91,"column":10},"end":{"line":93,"column":11}},{"start":{"line":91,"column":10},"end":{"line":93,"column":11}}],"line":91}},"s":{"0":1,"1":1,"2":1,"3":1,"4":0,"5":1,"6":0,"7":1,"8":1,"9":1,"10":1,"11":1,"12":1,"13":0,"14":0,"15":1,"16":1,"17":1,"18":1,"19":1,"20":1,"21":0,"22":3,"23":3,"24":3,"25":3,"26":3,"27":3,"28":2,"29":1,"30":1,"31":0,"32":0,"33":2,"34":2,"35":2,"36":2,"37":2,"38":1,"39":1,"40":0,"41":0},"f":{"0":1,"1":1,"2":1,"3":3,"4":3,"5":1,"6":0,"7":2,"8":2,"9":0},"b":{"0":[0,1],"1":[1,0],"2":[1,0],"3":[2,1],"4":[1,1]},"_coverageSchema":"1a1c01bbd47fc00a2c39e90264f33305004495a9","hash":"6f9386cd59d817549b310381673bdc1e72e80fa2"}
,"/Users/andela/Desktop/crud-app/todo-app-backend/src/database/config/config.js": {"path":"/Users/andela/Desktop/crud-app/todo-app-backend/src/database/config/config.js","statementMap":{"0":{"start":{"line":1,"column":0},"end":{"line":1,"column":27}},"1":{"start":{"line":3,"column":0},"end":{"line":25,"column":2}}},"fnMap":{},"branchMap":{},"s":{"0":2,"1":2},"f":{},"b":{},"_coverageSchema":"1a1c01bbd47fc00a2c39e90264f33305004495a9","hash":"1ef09f96131cad1190e3c2b899423f02a3eb7d7b"}
,"/Users/andela/Desktop/crud-app/todo-app-backend/src/database/models/index.js": {"path":"/Users/andela/Desktop/crud-app/todo-app-backend/src/database/models/index.js","statementMap":{"0":{"start":{"line":3,"column":11},"end":{"line":3,"column":24}},"1":{"start":{"line":4,"column":13},"end":{"line":4,"column":28}},"2":{"start":{"line":5,"column":18},"end":{"line":5,"column":38}},"3":{"start":{"line":7,"column":17},"end":{"line":7,"column":42}},"4":{"start":{"line":8,"column":12},"end":{"line":8,"column":49}},"5":{"start":{"line":9,"column":15},"end":{"line":9,"column":63}},"6":{"start":{"line":10,"column":11},"end":{"line":10,"column":13}},"7":{"start":{"line":13,"column":0},"end":{"line":18,"column":1}},"8":{"start":{"line":14,"column":2},"end":{"line":14,"column":74}},"9":{"start":{"line":17,"column":2},"end":{"line":17,"column":87}},"10":{"start":{"line":20,"column":0},"end":{"line":26,"column":5}},"11":{"start":{"line":22,"column":20},"end":{"line":22,"column":98}},"12":{"start":{"line":24,"column":18},"end":{"line":24,"column":85}},"13":{"start":{"line":25,"column":4},"end":{"line":25,"column":27}},"14":{"start":{"line":28,"column":0},"end":{"line":32,"column":3}},"15":{"start":{"line":29,"column":2},"end":{"line":31,"column":3}},"16":{"start":{"line":30,"column":4},"end":{"line":30,"column":32}},"17":{"start":{"line":34,"column":0},"end":{"line":34,"column":25}},"18":{"start":{"line":35,"column":0},"end":{"line":35,"column":25}},"19":{"start":{"line":37,"column":0},"end":{"line":37,"column":20}}},"fnMap":{"0":{"name":"(anonymous_0)","decl":{"start":{"line":22,"column":10},"end":{"line":22,"column":11}},"loc":{"start":{"line":22,"column":20},"end":{"line":22,"column":98}},"line":22},"1":{"name":"(anonymous_1)","decl":{"start":{"line":23,"column":11},"end":{"line":23,"column":12}},"loc":{"start":{"line":23,"column":21},"end":{"line":26,"column":3}},"line":23},"2":{"name":"(anonymous_2)","decl":{"start":{"line":28,"column":24},"end":{"line":28,"column":25}},"loc":{"start":{"line":28,"column":39},"end":{"line":32,"column":1}},"line":28}},"branchMap":{"0":{"loc":{"start":{"line":8,"column":12},"end":{"line":8,"column":49}},"type":"binary-expr","locations":[{"start":{"line":8,"column":12},"end":{"line":8,"column":32}},{"start":{"line":8,"column":36},"end":{"line":8,"column":49}}],"line":8},"1":{"loc":{"start":{"line":13,"column":0},"end":{"line":18,"column":1}},"type":"if","locations":[{"start":{"line":13,"column":0},"end":{"line":18,"column":1}},{"start":{"line":13,"column":0},"end":{"line":18,"column":1}}],"line":13},"2":{"loc":{"start":{"line":22,"column":20},"end":{"line":22,"column":98}},"type":"binary-expr","locations":[{"start":{"line":22,"column":21},"end":{"line":22,"column":44}},{"start":{"line":22,"column":50},"end":{"line":22,"column":67}},{"start":{"line":22,"column":73},"end":{"line":22,"column":97}}],"line":22},"3":{"loc":{"start":{"line":29,"column":2},"end":{"line":31,"column":3}},"type":"if","locations":[{"start":{"line":29,"column":2},"end":{"line":31,"column":3}},{"start":{"line":29,"column":2},"end":{"line":31,"column":3}}],"line":29}},"s":{"0":2,"1":2,"2":2,"3":2,"4":2,"5":2,"6":2,"7":2,"8":0,"9":2,"10":2,"11":6,"12":4,"13":4,"14":2,"15":4,"16":4,"17":2,"18":2,"19":2},"f":{"0":6,"1":4,"2":4},"b":{"0":[2,0],"1":[0,2],"2":[6,6,4],"3":[4,0]},"_coverageSchema":"1a1c01bbd47fc00a2c39e90264f33305004495a9","hash":"d086f0e46e9c2e33ce8fa623c297006e866d0b84"}
,"/Users/andela/Desktop/crud-app/todo-app-backend/src/database/models/todo.js": {"path":"/Users/andela/Desktop/crud-app/todo-app-backend/src/database/models/todo.js","statementMap":{"0":{"start":{"line":3,"column":4},"end":{"line":3,"column":24}},"1":{"start":{"line":5,"column":0},"end":{"line":24,"column":2}},"2":{"start":{"line":9,"column":6},"end":{"line":12,"column":8}},"3":{"start":{"line":15,"column":2},"end":{"line":22,"column":5}},"4":{"start":{"line":23,"column":2},"end":{"line":23,"column":14}}},"fnMap":{"0":{"name":"(anonymous_0)","decl":{"start":{"line":5,"column":17},"end":{"line":5,"column":18}},"loc":{"start":{"line":5,"column":43},"end":{"line":24,"column":1}},"line":5},"1":{"name":"(anonymous_1)","decl":{"start":{"line":7,"column":4},"end":{"line":7,"column":5}},"loc":{"start":{"line":7,"column":29},"end":{"line":13,"column":5}},"line":7}},"branchMap":{},"s":{"0":2,"1":2,"2":2,"3":2,"4":2},"f":{"0":2,"1":2},"b":{},"_coverageSchema":"1a1c01bbd47fc00a2c39e90264f33305004495a9","hash":"ad26bba1c575af69407b4e976105933b86c72e40"}
,"/Users/andela/Desktop/crud-app/todo-app-backend/src/database/models/user.js": {"path":"/Users/andela/Desktop/crud-app/todo-app-backend/src/database/models/user.js","statementMap":{"0":{"start":{"line":3,"column":4},"end":{"line":3,"column":24}},"1":{"start":{"line":5,"column":0},"end":{"line":24,"column":2}},"2":{"start":{"line":9,"column":6},"end":{"line":12,"column":9}},"3":{"start":{"line":15,"column":2},"end":{"line":22,"column":5}},"4":{"start":{"line":23,"column":2},"end":{"line":23,"column":14}}},"fnMap":{"0":{"name":"(anonymous_0)","decl":{"start":{"line":5,"column":17},"end":{"line":5,"column":18}},"loc":{"start":{"line":5,"column":43},"end":{"line":24,"column":1}},"line":5},"1":{"name":"(anonymous_1)","decl":{"start":{"line":7,"column":4},"end":{"line":7,"column":5}},"loc":{"start":{"line":7,"column":29},"end":{"line":13,"column":5}},"line":7}},"branchMap":{},"s":{"0":2,"1":2,"2":2,"3":2,"4":2},"f":{"0":2,"1":2},"b":{},"_coverageSchema":"1a1c01bbd47fc00a2c39e90264f33305004495a9","hash":"f1448ea67505927f3101534035507ccfc89d7911"}
,"/Users/andela/Desktop/crud-app/todo-app-backend/src/middlewares/checkAuth.js": {"path":"/Users/andela/Desktop/crud-app/todo-app-backend/src/middlewares/checkAuth.js","statementMap":{"0":{"start":{"line":3,"column":18},"end":{"line":17,"column":1}},"1":{"start":{"line":5,"column":18},"end":{"line":5,"column":35}},"2":{"start":{"line":6,"column":4},"end":{"line":8,"column":5}},"3":{"start":{"line":7,"column":6},"end":{"line":7,"column":66}},"4":{"start":{"line":9,"column":4},"end":{"line":15,"column":5}},"5":{"start":{"line":10,"column":19},"end":{"line":10,"column":37}},"6":{"start":{"line":11,"column":6},"end":{"line":11,"column":22}},"7":{"start":{"line":12,"column":6},"end":{"line":12,"column":13}},"8":{"start":{"line":14,"column":6},"end":{"line":14,"column":61}}},"fnMap":{"0":{"name":"(anonymous_0)","decl":{"start":{"line":4,"column":14},"end":{"line":4,"column":15}},"loc":{"start":{"line":4,"column":34},"end":{"line":16,"column":3}},"line":4}},"branchMap":{"0":{"loc":{"start":{"line":6,"column":4},"end":{"line":8,"column":5}},"type":"if","locations":[{"start":{"line":6,"column":4},"end":{"line":8,"column":5}},{"start":{"line":6,"column":4},"end":{"line":8,"column":5}}],"line":6}},"s":{"0":2,"1":11,"2":11,"3":1,"4":10,"5":10,"6":9,"7":9,"8":1},"f":{"0":11},"b":{"0":[1,10]},"_coverageSchema":"1a1c01bbd47fc00a2c39e90264f33305004495a9","hash":"44e4e4b7b406b63a503f5282f25f8e424926d4b5"}
,"/Users/andela/Desktop/crud-app/todo-app-backend/src/middlewares/todo.validator.js": {"path":"/Users/andela/Desktop/crud-app/todo-app-backend/src/middlewares/todo.validator.js","statementMap":{"0":{"start":{"line":3,"column":21},"end":{"line":16,"column":1}},"1":{"start":{"line":4,"column":17},"end":{"line":7,"column":4}},"2":{"start":{"line":9,"column":2},"end":{"line":15,"column":6}},"3":{"start":{"line":11,"column":6},"end":{"line":11,"column":13}},"4":{"start":{"line":14,"column":6},"end":{"line":14,"column":63}}},"fnMap":{"0":{"name":"(anonymous_0)","decl":{"start":{"line":3,"column":21},"end":{"line":3,"column":22}},"loc":{"start":{"line":3,"column":41},"end":{"line":16,"column":1}},"line":3},"1":{"name":"(anonymous_1)","decl":{"start":{"line":10,"column":10},"end":{"line":10,"column":11}},"loc":{"start":{"line":10,"column":16},"end":{"line":12,"column":5}},"line":10},"2":{"name":"(anonymous_2)","decl":{"start":{"line":13,"column":11},"end":{"line":13,"column":12}},"loc":{"start":{"line":13,"column":20},"end":{"line":15,"column":5}},"line":13}},"branchMap":{},"s":{"0":2,"1":5,"2":5,"3":4,"4":1},"f":{"0":5,"1":4,"2":1},"b":{},"_coverageSchema":"1a1c01bbd47fc00a2c39e90264f33305004495a9","hash":"b6528d64a3c9e5215f23cd2dcbafdf31553d94c8"}
,"/Users/andela/Desktop/crud-app/todo-app-backend/src/middlewares/user.validator.js": {"path":"/Users/andela/Desktop/crud-app/todo-app-backend/src/middlewares/user.validator.js","statementMap":{"0":{"start":{"line":3,"column":21},"end":{"line":17,"column":1}},"1":{"start":{"line":4,"column":17},"end":{"line":8,"column":4}},"2":{"start":{"line":10,"column":2},"end":{"line":16,"column":6}},"3":{"start":{"line":12,"column":6},"end":{"line":12,"column":13}},"4":{"start":{"line":15,"column":6},"end":{"line":15,"column":63}}},"fnMap":{"0":{"name":"(anonymous_0)","decl":{"start":{"line":3,"column":21},"end":{"line":3,"column":22}},"loc":{"start":{"line":3,"column":41},"end":{"line":17,"column":1}},"line":3},"1":{"name":"(anonymous_1)","decl":{"start":{"line":11,"column":10},"end":{"line":11,"column":11}},"loc":{"start":{"line":11,"column":16},"end":{"line":13,"column":5}},"line":11},"2":{"name":"(anonymous_2)","decl":{"start":{"line":14,"column":11},"end":{"line":14,"column":12}},"loc":{"start":{"line":14,"column":20},"end":{"line":16,"column":5}},"line":14}},"branchMap":{},"s":{"0":2,"1":9,"2":9,"3":8,"4":1},"f":{"0":9,"1":8,"2":1},"b":{},"_coverageSchema":"1a1c01bbd47fc00a2c39e90264f33305004495a9","hash":"68569fc7638f34b1ecd654bfb8f491e236e6fe51"}
,"/Users/andela/Desktop/crud-app/todo-app-backend/src/routes/index.js": {"path":"/Users/andela/Desktop/crud-app/todo-app-backend/src/routes/index.js","statementMap":{"0":{"start":{"line":8,"column":15},"end":{"line":8,"column":31}},"1":{"start":{"line":11,"column":0},"end":{"line":11,"column":60}},"2":{"start":{"line":12,"column":0},"end":{"line":12,"column":58}},"3":{"start":{"line":15,"column":0},"end":{"line":15,"column":86}},"4":{"start":{"line":16,"column":0},"end":{"line":16,"column":68}},"5":{"start":{"line":17,"column":0},"end":{"line":17,"column":78}},"6":{"start":{"line":18,"column":0},"end":{"line":18,"column":95}},"7":{"start":{"line":19,"column":0},"end":{"line":19,"column":82}}},"fnMap":{},"branchMap":{},"s":{"0":2,"1":2,"2":2,"3":2,"4":2,"5":2,"6":2,"7":2},"f":{},"b":{},"_coverageSchema":"1a1c01bbd47fc00a2c39e90264f33305004495a9","hash":"34f43efb90b2301242912b375208bdadb37edeba"}
,"/Users/andela/Desktop/crud-app/todo-app-backend/src/utils/jwtToken.js": {"path":"/Users/andela/Desktop/crud-app/todo-app-backend/src/utils/jwtToken.js","statementMap":{"0":{"start":{"line":5,"column":0},"end":{"line":5,"column":9}},"1":{"start":{"line":7,"column":24},"end":{"line":16,"column":1}},"2":{"start":{"line":11,"column":4},"end":{"line":14,"column":50}},"3":{"start":{"line":18,"column":27},"end":{"line":21,"column":1}},"4":{"start":{"line":19,"column":23},"end":{"line":19,"column":84}},"5":{"start":{"line":20,"column":2},"end":{"line":20,"column":21}},"6":{"start":{"line":23,"column":28},"end":{"line":23,"column":71}},"7":{"start":{"line":23,"column":42},"end":{"line":23,"column":71}},"8":{"start":{"line":25,"column":31},"end":{"line":25,"column":85}},"9":{"start":{"line":25,"column":51},"end":{"line":25,"column":85}}},"fnMap":{"0":{"name":"(anonymous_0)","decl":{"start":{"line":8,"column":2},"end":{"line":8,"column":3}},"loc":{"start":{"line":10,"column":5},"end":{"line":15,"column":3}},"line":10},"1":{"name":"(anonymous_1)","decl":{"start":{"line":18,"column":27},"end":{"line":18,"column":28}},"loc":{"start":{"line":18,"column":38},"end":{"line":21,"column":1}},"line":18},"2":{"name":"(anonymous_2)","decl":{"start":{"line":23,"column":28},"end":{"line":23,"column":29}},"loc":{"start":{"line":23,"column":42},"end":{"line":23,"column":71}},"line":23},"3":{"name":"(anonymous_3)","decl":{"start":{"line":25,"column":31},"end":{"line":25,"column":32}},"loc":{"start":{"line":25,"column":51},"end":{"line":25,"column":85}},"line":25}},"branchMap":{},"s":{"0":2,"1":2,"2":3,"3":2,"4":10,"5":9,"6":2,"7":4,"8":2,"9":3},"f":{"0":3,"1":10,"2":4,"3":3},"b":{},"_coverageSchema":"1a1c01bbd47fc00a2c39e90264f33305004495a9","hash":"84c178802a3b915213844c2e5ee261a3840f327c"}
}
