TN:
SF:src/index.js
FN:15,(anonymous_0)
FNF:1
FNH:1
FNDA:1,(anonymous_0)
DA:6,2
DA:8,2
DA:9,2
DA:11,2
DA:13,2
DA:15,2
DA:16,1
LF:7
LH:7
BRF:0
BRH:0
end_of_record
TN:
SF:src/controllers/auth.controller.js
FN:5,(anonymous_0)
FN:28,(anonymous_1)
FNF:2
FNH:2
FNDA:4,(anonymous_0)
FNDA:4,(anonymous_1)
DA:6,4
DA:7,4
DA:8,4
DA:10,4
DA:11,4
DA:12,1
DA:16,3
DA:21,3
DA:24,0
DA:29,4
DA:30,4
DA:32,4
DA:34,4
DA:35,3
DA:36,3
DA:38,1
DA:41,0
LF:17
LH:15
BRDA:11,0,0,1
BRDA:11,0,1,3
BRDA:34,1,0,3
BRDA:34,1,1,1
BRDA:34,2,0,4
BRDA:34,2,1,3
BRF:6
BRH:6
end_of_record
TN:
SF:src/controllers/todos.controller.js
FN:4,(anonymous_0)
FN:18,(anonymous_1)
FN:33,(anonymous_2)
FN:58,(anonymous_3)
FN:64,(anonymous_4)
FN:72,(anonymous_5)
FN:75,(anonymous_6)
FN:84,(anonymous_7)
FN:90,(anonymous_8)
FN:96,(anonymous_9)
FNF:10
FNH:8
FNDA:1,(anonymous_0)
FNDA:1,(anonymous_1)
FNDA:1,(anonymous_2)
FNDA:3,(anonymous_3)
FNDA:3,(anonymous_4)
FNDA:1,(anonymous_5)
FNDA:0,(anonymous_6)
FNDA:2,(anonymous_7)
FNDA:2,(anonymous_8)
FNDA:0,(anonymous_9)
DA:5,1
DA:6,1
DA:7,1
DA:8,1
DA:9,0
DA:11,1
DA:14,0
DA:19,1
DA:20,1
DA:21,1
DA:23,1
DA:24,1
DA:25,1
DA:27,0
DA:29,0
DA:34,1
DA:35,1
DA:36,1
DA:38,1
DA:50,1
DA:51,1
DA:54,0
DA:59,3
DA:60,3
DA:61,3
DA:62,3
DA:63,3
DA:65,3
DA:66,2
DA:68,1
DA:73,1
DA:76,0
DA:80,0
DA:85,2
DA:86,2
DA:87,2
DA:89,2
DA:91,2
DA:92,1
DA:94,1
DA:97,0
DA:101,0
LF:42
LH:33
BRDA:8,0,0,0
BRDA:8,0,1,1
BRDA:24,1,0,1
BRDA:24,1,1,0
BRDA:50,2,0,1
BRDA:50,2,1,0
BRDA:65,3,0,2
BRDA:65,3,1,1
BRDA:91,4,0,1
BRDA:91,4,1,1
BRF:10
BRH:7
end_of_record
TN:
SF:src/database/config/config.js
FNF:0
FNH:0
DA:1,2
DA:3,2
LF:2
LH:2
BRF:0
BRH:0
end_of_record
TN:
SF:src/database/models/index.js
FN:22,(anonymous_0)
FN:23,(anonymous_1)
FN:28,(anonymous_2)
FNF:3
FNH:3
FNDA:6,(anonymous_0)
FNDA:4,(anonymous_1)
FNDA:4,(anonymous_2)
DA:3,2
DA:4,2
DA:5,2
DA:7,2
DA:8,2
DA:9,2
DA:10,2
DA:13,2
DA:14,0
DA:17,2
DA:20,2
DA:22,6
DA:24,4
DA:25,4
DA:28,2
DA:29,4
DA:30,4
DA:34,2
DA:35,2
DA:37,2
LF:20
LH:19
BRDA:8,0,0,2
BRDA:8,0,1,0
BRDA:13,1,0,0
BRDA:13,1,1,2
BRDA:22,2,0,6
BRDA:22,2,1,6
BRDA:22,2,2,4
BRDA:29,3,0,4
BRDA:29,3,1,0
BRF:9
BRH:6
end_of_record
TN:
SF:src/database/models/todo.js
FN:5,(anonymous_0)
FN:7,(anonymous_1)
FNF:2
FNH:2
FNDA:2,(anonymous_0)
FNDA:2,(anonymous_1)
DA:3,2
DA:5,2
DA:9,2
DA:15,2
DA:23,2
LF:5
LH:5
BRF:0
BRH:0
end_of_record
TN:
SF:src/database/models/user.js
FN:5,(anonymous_0)
FN:7,(anonymous_1)
FNF:2
FNH:2
FNDA:2,(anonymous_0)
FNDA:2,(anonymous_1)
DA:3,2
DA:5,2
DA:9,2
DA:15,2
DA:23,2
LF:5
LH:5
BRF:0
BRH:0
end_of_record
TN:
SF:src/middlewares/checkAuth.js
FN:4,(anonymous_0)
FNF:1
FNH:1
FNDA:11,(anonymous_0)
DA:3,2
DA:5,11
DA:6,11
DA:7,1
DA:9,10
DA:10,10
DA:11,9
DA:12,9
DA:14,1
LF:9
LH:9
BRDA:6,0,0,1
BRDA:6,0,1,10
BRF:2
BRH:2
end_of_record
TN:
SF:src/middlewares/todo.validator.js
FN:3,(anonymous_0)
FN:10,(anonymous_1)
FN:13,(anonymous_2)
FNF:3
FNH:3
FNDA:5,(anonymous_0)
FNDA:4,(anonymous_1)
FNDA:1,(anonymous_2)
DA:3,2
DA:4,5
DA:9,5
DA:11,4
DA:14,1
LF:5
LH:5
BRF:0
BRH:0
end_of_record
TN:
SF:src/middlewares/user.validator.js
FN:3,(anonymous_0)
FN:11,(anonymous_1)
FN:14,(anonymous_2)
FNF:3
FNH:3
FNDA:9,(anonymous_0)
FNDA:8,(anonymous_1)
FNDA:1,(anonymous_2)
DA:3,2
DA:4,9
DA:10,9
DA:12,8
DA:15,1
LF:5
LH:5
BRF:0
BRH:0
end_of_record
TN:
SF:src/routes/index.js
FNF:0
FNH:0
DA:8,2
DA:11,2
DA:12,2
DA:15,2
DA:16,2
DA:17,2
DA:18,2
DA:19,2
LF:8
LH:8
BRF:0
BRH:0
end_of_record
TN:
SF:src/utils/jwtToken.js
FN:8,(anonymous_0)
FN:18,(anonymous_1)
FN:23,(anonymous_2)
FN:25,(anonymous_3)
FNF:4
FNH:4
FNDA:3,(anonymous_0)
FNDA:10,(anonymous_1)
FNDA:4,(anonymous_2)
FNDA:3,(anonymous_3)
DA:5,2
DA:7,2
DA:11,3
DA:18,2
DA:19,10
DA:20,9
DA:23,4
DA:25,3
LF:8
LH:8
BRF:0
BRH:0
end_of_record
